  main.c
M:\Programming\C_Language\C_Tutorials\C_Tutorials\C_Tutorials\Chapter2.h(868,11): warning C4473: 'scanf_s' : not enough arguments passed for format string
M:\Programming\C_Language\C_Tutorials\C_Tutorials\C_Tutorials\Chapter2.h(868,11): message : placeholders and their parameters expect 2 variadic arguments, but 1 were provided
M:\Programming\C_Language\C_Tutorials\C_Tutorials\C_Tutorials\Chapter2.h(868,11): message : the missing variadic argument 2 is required by format string '%c'
M:\Programming\C_Language\C_Tutorials\C_Tutorials\C_Tutorials\Chapter2.h(868,11): message : this argument is used as a buffer size
M:\Programming\C_Language\C_Tutorials\C_Tutorials\C_Tutorials\Chapter2.h(891,2): warning C4047: 'initializing': 'char *' differs in levels of indirection from 'char (*)[12]'
M:\Programming\C_Language\C_Tutorials\C_Tutorials\C_Tutorials\Chapter2.h(925,32): warning C4020: 'square': too many actual parameters
M:\Programming\C_Language\C_Tutorials\C_Tutorials\C_Tutorials\Chapter2.h(925,43): warning C4020: 'ptr': too many actual parameters
M:\Programming\C_Language\C_Tutorials\C_Tutorials\C_Tutorials\Chapter2.h(987,11): warning C4477: 'scanf_s' : format string '%d' requires an argument of type 'int *', but variadic argument 1 has type 'int'
M:\Programming\C_Language\C_Tutorials\C_Tutorials\C_Tutorials\Chapter2.h(1174,29): warning C4047: 'function': 'FILE *' differs in levels of indirection from 'int'
M:\Programming\C_Language\C_Tutorials\C_Tutorials\C_Tutorials\Chapter2.h(1174,20): warning C4024: 'getc': different types for formal and actual parameter 1
M:\Programming\C_Language\C_Tutorials\C_Tutorials\C_Tutorials\Chapter2.h(1174,38): warning C4047: '!=': 'int' differs in levels of indirection from 'void *'
M:\Programming\C_Language\C_Tutorials\C_Tutorials\C_Tutorials\Chapter2.h(1195,21): warning C4129: 'P': unrecognized character escape sequence
M:\Programming\C_Language\C_Tutorials\C_Tutorials\C_Tutorials\Chapter2.h(1195,21): warning C4129: 'C': unrecognized character escape sequence
M:\Programming\C_Language\C_Tutorials\C_Tutorials\C_Tutorials\Chapter2.h(1195,21): warning C4129: 'T': unrecognized character escape sequence
M:\Programming\C_Language\C_Tutorials\C_Tutorials\C_Tutorials\Chapter2.h(1195,21): warning C4129: 'o': unrecognized character escape sequence
M:\Programming\C_Language\C_Tutorials\C_Tutorials\C_Tutorials\Chapter2.h(1195,15): error C4996: 'fopen': This function or variable may be unsafe. Consider using fopen_s instead. To disable deprecation, use _CRT_SECURE_NO_WARNINGS. See online help for details.
M:\Programming\C_Language\C_Tutorials\C_Tutorials\C_Tutorials\Chapter2.h(1216,50): warning C4047: '=': 'FILE *' differs in levels of indirection from 'int'
M:\Programming\C_Language\C_Tutorials\C_Tutorials\C_Tutorials\Chapter2.h(1223,48): warning C4047: '=': 'FILE *' differs in levels of indirection from 'int'
M:\Programming\C_Language\C_Tutorials\C_Tutorials\C_Tutorials\Chapter2.h(1228,50): warning C4047: '=': 'FILE *' differs in levels of indirection from 'int'
M:\Programming\C_Language\C_Tutorials\C_Tutorials\C_Tutorials\Chapter2.h(1216,19): error C4996: 'fopen': This function or variable may be unsafe. Consider using fopen_s instead. To disable deprecation, use _CRT_SECURE_NO_WARNINGS. See online help for details.
M:\Programming\C_Language\C_Tutorials\C_Tutorials\C_Tutorials\Chapter2.h(1223,18): error C4996: 'fopen': This function or variable may be unsafe. Consider using fopen_s instead. To disable deprecation, use _CRT_SECURE_NO_WARNINGS. See online help for details.
M:\Programming\C_Language\C_Tutorials\C_Tutorials\C_Tutorials\Chapter2.h(1228,19): error C4996: 'fopen': This function or variable may be unsafe. Consider using fopen_s instead. To disable deprecation, use _CRT_SECURE_NO_WARNINGS. See online help for details.
M:\Programming\C_Language\C_Tutorials\C_Tutorials\C_Tutorials\Chapter17.h(46,63): warning C4047: '==': 'errno_t' differs in levels of indirection from 'void *'
M:\Programming\C_Language\C_Tutorials\C_Tutorials\C_Tutorials\Chapter17.h(46,63): warning C4047: '=': 'FILE *' differs in levels of indirection from 'int'
M:\Programming\C_Language\C_Tutorials\C_Tutorials\C_Tutorials\Chapter17.h(53,60): warning C4047: '==': 'errno_t' differs in levels of indirection from 'void *'
M:\Programming\C_Language\C_Tutorials\C_Tutorials\C_Tutorials\Chapter17.h(53,60): warning C4047: '=': 'FILE *' differs in levels of indirection from 'int'
M:\Programming\C_Language\C_Tutorials\C_Tutorials\C_Tutorials\Chapter17.h(58,63): warning C4047: '==': 'errno_t' differs in levels of indirection from 'void *'
M:\Programming\C_Language\C_Tutorials\C_Tutorials\C_Tutorials\Chapter17.h(58,63): warning C4047: '=': 'FILE *' differs in levels of indirection from 'int'
